<?xml version="1.0" encoding="UTF-8"?>
<testng-results ignored="0" total="3" passed="3" failed="0" skipped="0">
  <reporter-output>
  </reporter-output>
  <suite started-at="2020-10-16T13:28:03 IST" name="Suite" finished-at="2020-10-16T13:28:35 IST" duration-ms="31732">
    <groups>
    </groups>
    <test started-at="2020-10-16T13:28:03 IST" name="Test" finished-at="2020-10-16T13:28:35 IST" duration-ms="31732">
      <class name="com.saucedemo.interview.mypagestest.LoginTest">
        <test-method is-config="true" signature="setup(java.lang.String)[pri:0, instance:com.saucedemo.interview.mypagestest.LoginTest@55b53d44]" started-at="2020-10-16T13:28:04 IST" name="setup" finished-at="2020-10-16T13:28:11 IST" duration-ms="7233" status="PASS">
          <params>
            <param index="0">
              <value>
                <![CDATA[chrome]]>
              </value>
            </param>
          </params>
          <reporter-output>
          </reporter-output>
        </test-method> <!-- setup -->
        <test-method signature="loginWithoutUserNameandPassword()[pri:0, instance:com.saucedemo.interview.mypagestest.LoginTest@55b53d44]" started-at="2020-10-16T13:28:11 IST" name="loginWithoutUserNameandPassword" finished-at="2020-10-16T13:28:12 IST" duration-ms="732" status="PASS">
          <reporter-output>
          </reporter-output>
        </test-method> <!-- loginWithoutUserNameandPassword -->
        <test-method is-config="true" signature="teardown()[pri:0, instance:com.saucedemo.interview.mypagestest.LoginTest@55b53d44]" started-at="2020-10-16T13:28:12 IST" name="teardown" finished-at="2020-10-16T13:28:14 IST" duration-ms="2100" status="PASS">
          <reporter-output>
          </reporter-output>
        </test-method> <!-- teardown -->
        <test-method is-config="true" signature="setup(java.lang.String)[pri:0, instance:com.saucedemo.interview.mypagestest.LoginTest@55b53d44]" started-at="2020-10-16T13:28:14 IST" name="setup" finished-at="2020-10-16T13:28:20 IST" duration-ms="6085" status="PASS">
          <params>
            <param index="0">
              <value>
                <![CDATA[chrome]]>
              </value>
            </param>
          </params>
          <reporter-output>
          </reporter-output>
        </test-method> <!-- setup -->
        <test-method signature="loginInvalid()[pri:1, instance:com.saucedemo.interview.mypagestest.LoginTest@55b53d44]" started-at="2020-10-16T13:28:20 IST" name="loginInvalid" finished-at="2020-10-16T13:28:20 IST" duration-ms="433" status="PASS">
          <reporter-output>
          </reporter-output>
        </test-method> <!-- loginInvalid -->
        <test-method is-config="true" signature="teardown()[pri:0, instance:com.saucedemo.interview.mypagestest.LoginTest@55b53d44]" started-at="2020-10-16T13:28:20 IST" name="teardown" finished-at="2020-10-16T13:28:21 IST" duration-ms="1083" status="PASS">
          <reporter-output>
          </reporter-output>
        </test-method> <!-- teardown -->
        <test-method is-config="true" signature="setup(java.lang.String)[pri:0, instance:com.saucedemo.interview.mypagestest.LoginTest@55b53d44]" started-at="2020-10-16T13:28:21 IST" name="setup" finished-at="2020-10-16T13:28:28 IST" duration-ms="6256" status="PASS">
          <params>
            <param index="0">
              <value>
                <![CDATA[chrome]]>
              </value>
            </param>
          </params>
          <reporter-output>
          </reporter-output>
        </test-method> <!-- setup -->
        <test-method signature="loginValid()[pri:2, instance:com.saucedemo.interview.mypagestest.LoginTest@55b53d44]" started-at="2020-10-16T13:28:28 IST" name="loginValid" finished-at="2020-10-16T13:28:33 IST" duration-ms="5833" status="PASS">
          <reporter-output>
          </reporter-output>
        </test-method> <!-- loginValid -->
        <test-method is-config="true" signature="teardown()[pri:0, instance:com.saucedemo.interview.mypagestest.LoginTest@55b53d44]" started-at="2020-10-16T13:28:33 IST" name="teardown" finished-at="2020-10-16T13:28:35 IST" duration-ms="1660" status="PASS">
          <reporter-output>
          </reporter-output>
        </test-method> <!-- teardown -->
      </class> <!-- com.saucedemo.interview.mypagestest.LoginTest -->
    </test> <!-- Test -->
  </suite> <!-- Suite -->
</testng-results>
