<?xml version="1.0" encoding="UTF-8"?>
<!-- Generated by org.testng.reporters.JUnitXMLReporter -->
<testsuite ignored="0" hostname="DESKTOP-C784JLS" failures="0" tests="3" name="Test" time="31.732" errors="0" timestamp="2020-10-16T13:28:35 IST">
  <testcase classname="com.saucedemo.interview.mypagestest.LoginTest" name="loginWithoutUserNameandPassword" time="0.732"/>
  <testcase classname="com.saucedemo.interview.mypagestest.LoginTest" name="loginInvalid" time="0.433"/>
  <testcase classname="com.saucedemo.interview.mypagestest.LoginTest" name="loginValid" time="5.833"/>
</testsuite> <!-- Test -->
