<?xml version="1.0" encoding="UTF-8"?>
<!-- Generated by org.testng.reporters.JUnitXMLReporter -->
<testsuite ignored="0" hostname="DESKTOP-C784JLS" failures="0" tests="7" name="Test" time="49.21" errors="0" timestamp="2020-10-18T10:06:33 IST">
  <testcase classname="com.saucedemo.interview.mypagestest.LoginTest" name="loginWithoutUserNameandPassword" time="0.967"/>
  <testcase classname="com.saucedemo.interview.mypagestest.LoginTest" name="loginwithInvalidCredentials" time="0.494"/>
  <testcase classname="com.saucedemo.interview.mypagestest.LoginTest" name="loginwithValidCredentials" time="9.593"/>
  <testcase classname="com.saucedemo.interview.mypagestest.ProductPageTest" name="clicktheProduct" time="6.927"/>
  <testcase classname="com.saucedemo.interview.mypagestest.ProductPageTest" name="verifyProductDetailsandAddToCart" time="0.162"/>
  <testcase classname="com.saucedemo.interview.mypagestest.ProductPageTest" name="verifyProductInCart" time="0.049"/>
  <testcase classname="com.saucedemo.interview.mypagestest.ProductPageTest" name="verifySortOperation" time="3.701"/>
</testsuite> <!-- Test -->
